<?xml version="1.0" encoding="UTF-8"?>
<!-- Generated by org.testng.reporters.JUnitReportReporter -->
<testsuite hostname="LAPTOP-DK6TK74Q" failures="0" tests="1" name="com.actitime.testscript.CustomerModule" time="79.841" errors="0" timestamp="2021-01-08T12:18:08 IST" skipped="0">
  <testcase classname="com.actitime.testscript.CustomerModule" name="testCreateCustomer" time="79.841"/>
  <system-out/>
</testsuite> <!-- com.actitime.testscript.CustomerModule -->
